<?xml version="1.0" encoding="UTF-8" ?>
<testsuite errors="0" failures="0" hostname="yuy-tp" name="com.bizdata.campux.sdk.BubbleTest" tests="1" time="5.449" timestamp="2012-02-15T07:33:21">
  <properties>
[...]
</properties>
  <testcase classname="com.bizdata.campux.sdk.BubbleTest" name="testBubble" time="5.391" />
  <system-out><![CDATA[test
StartElement:ok
Content:448 ok:true
contentrecevied:ok
StartElement:ok
StartElement:ok
contentrecevied:ok
StartElement:ok
StartElement:m
Content:YjE= ok:true
contentrecevied:m
StartElement:m
Content:YjQ= ok:true
contentrecevied:m
StartElement:m
Content:YjM= ok:true
contentrecevied:m
StartElement:m
Content:YjI= ok:true
contentrecevied:m
StartElement:m
Content:YjE= ok:true
contentrecevied:m
StartElement:m
Content:YjQ= ok:true
contentrecevied:m
StartElement:m
Content:YjM= ok:true
contentrecevied:m
StartElement:m
Content:YjI= ok:true
contentrecevied:m
StartElement:m
Content:YjE= ok:true
contentrecevied:m
test 1329291200064 b1
test 1329290997906 b4
test 1329290997421 b3
test 1329290996953 b2
test 1329290991803 b1
test 1329290925282 b4
test 1329290924797 b3
test 1329290921327 b2
test 1329290920263 b1
udpate
StartElement:ok
contentrecevied:ok
StartElement:ok
contentrecevied:ok
StartElement:ok
contentrecevied:ok
StartElement:ok
StartElement:m
Content:YjQ= ok:true
contentrecevied:m
StartElement:m
Content:YjM= ok:true
contentrecevied:m
StartElement:m
Content:YjI= ok:true
contentrecevied:m
test 1329291202551 b4
test 1329291202066 b3
test 1329291201597 b2
]]></system-out>
  <system-err><![CDATA[]]></system-err>
</testsuite>
